Loaded module: cuda/11.6
/zhome/85/8/203063/pai_course/pai/lib64/python3.9/site-packages/torch/nn/modules/transformer.py:379: UserWarning: enable_nested_tensor is True, but self.use_nested_tensor is False because encoder_layer.self_attn.batch_first was not True(use batch_first for better inference performance)
  warnings.warn(
Traceback (most recent call last):
  File "/zhome/85/8/203063/pai_course/project/transf_vae_v4.py", line 247, in <module>
    
  File "/zhome/85/8/203063/pai_course/pai/lib64/python3.9/site-packages/torch/nn/modules/module.py", line 1736, in _wrapped_call_impl
    return self._call_impl(*args, **kwargs)
  File "/zhome/85/8/203063/pai_course/pai/lib64/python3.9/site-packages/torch/nn/modules/module.py", line 1747, in _call_impl
    return forward_call(*args, **kwargs)
  File "/zhome/85/8/203063/pai_course/project/transf_vae_v4.py", line 199, in forward
    mu, logvar = self.encode(src)
  File "/zhome/85/8/203063/pai_course/project/transf_vae_v4.py", line 162, in encode
    memory = self.encoder(src)
  File "/zhome/85/8/203063/pai_course/pai/lib64/python3.9/site-packages/torch/nn/modules/module.py", line 1736, in _wrapped_call_impl
    return self._call_impl(*args, **kwargs)
  File "/zhome/85/8/203063/pai_course/pai/lib64/python3.9/site-packages/torch/nn/modules/module.py", line 1747, in _call_impl
    return forward_call(*args, **kwargs)
  File "/zhome/85/8/203063/pai_course/pai/lib64/python3.9/site-packages/torch/nn/modules/transformer.py", line 511, in forward
    output = mod(
  File "/zhome/85/8/203063/pai_course/pai/lib64/python3.9/site-packages/torch/nn/modules/module.py", line 1736, in _wrapped_call_impl
    return self._call_impl(*args, **kwargs)
  File "/zhome/85/8/203063/pai_course/pai/lib64/python3.9/site-packages/torch/nn/modules/module.py", line 1747, in _call_impl
    return forward_call(*args, **kwargs)
  File "/zhome/85/8/203063/pai_course/pai/lib64/python3.9/site-packages/torch/nn/modules/transformer.py", line 906, in forward
    x = self.norm2(x + self._ff_block(x))
  File "/zhome/85/8/203063/pai_course/pai/lib64/python3.9/site-packages/torch/nn/modules/transformer.py", line 931, in _ff_block
    x = self.linear2(self.dropout(self.activation(self.linear1(x))))
  File "/zhome/85/8/203063/pai_course/pai/lib64/python3.9/site-packages/torch/nn/modules/module.py", line 1736, in _wrapped_call_impl
    return self._call_impl(*args, **kwargs)
  File "/zhome/85/8/203063/pai_course/pai/lib64/python3.9/site-packages/torch/nn/modules/module.py", line 1747, in _call_impl
    return forward_call(*args, **kwargs)
  File "/zhome/85/8/203063/pai_course/pai/lib64/python3.9/site-packages/torch/nn/modules/linear.py", line 125, in forward
    return F.linear(input, self.weight, self.bias)
KeyboardInterrupt
