Loaded module: cuda/11.6
/zhome/85/8/203063/pai_course/pai/lib64/python3.9/site-packages/torch/nn/modules/transformer.py:379: UserWarning: enable_nested_tensor is True, but self.use_nested_tensor is False because encoder_layer.self_attn.batch_first was not True(use batch_first for better inference performance)
  warnings.warn(
Traceback (most recent call last):
  File "/zhome/85/8/203063/pai_course/project/transf_vae_v3.py", line 249, in <module>
    optimizer.step()
  File "/zhome/85/8/203063/pai_course/pai/lib64/python3.9/site-packages/torch/optim/optimizer.py", line 487, in wrapper
    out = func(*args, **kwargs)
  File "/zhome/85/8/203063/pai_course/pai/lib64/python3.9/site-packages/torch/optim/optimizer.py", line 91, in _use_grad
    ret = func(self, *args, **kwargs)
  File "/zhome/85/8/203063/pai_course/pai/lib64/python3.9/site-packages/torch/optim/adam.py", line 223, in step
    adam(
  File "/zhome/85/8/203063/pai_course/pai/lib64/python3.9/site-packages/torch/optim/optimizer.py", line 154, in maybe_fallback
    return func(*args, **kwargs)
  File "/zhome/85/8/203063/pai_course/pai/lib64/python3.9/site-packages/torch/optim/adam.py", line 784, in adam
    func(
  File "/zhome/85/8/203063/pai_course/pai/lib64/python3.9/site-packages/torch/optim/adam.py", line 483, in _multi_tensor_adam
    grouped_tensors = Optimizer._group_tensors_by_device_and_dtype(
  File "/zhome/85/8/203063/pai_course/pai/lib64/python3.9/site-packages/torch/optim/optimizer.py", line 516, in _group_tensors_by_device_and_dtype
    return _group_tensors_by_device_and_dtype(tensorlistlist, with_indices)  # type: ignore[return-value, arg-type]
  File "/zhome/85/8/203063/pai_course/pai/lib64/python3.9/site-packages/torch/utils/_contextlib.py", line 116, in decorate_context
    return func(*args, **kwargs)
  File "/zhome/85/8/203063/pai_course/pai/lib64/python3.9/site-packages/torch/utils/_foreach_utils.py", line 37, in _group_tensors_by_device_and_dtype
    return torch._C._group_tensors_by_device_and_dtype(tensorlistlist, with_indices)
KeyboardInterrupt
