Fri Jan 17 10:16:33 2025       
+-----------------------------------------------------------------------------------------+
| NVIDIA-SMI 565.57.01              Driver Version: 565.57.01      CUDA Version: 12.7     |
|-----------------------------------------+------------------------+----------------------+
| GPU  Name                 Persistence-M | Bus-Id          Disp.A | Volatile Uncorr. ECC |
| Fan  Temp   Perf          Pwr:Usage/Cap |           Memory-Usage | GPU-Util  Compute M. |
|                                         |                        |               MIG M. |
|=========================================+========================+======================|
|   0  NVIDIA A100 80GB PCIe          On  |   00000000:CA:00.0 Off |                   On |
| N/A   32C    P0             65W /  300W |      88MiB /  81920MiB |     N/A      Default |
|                                         |                        |              Enabled |
+-----------------------------------------+------------------------+----------------------+

+-----------------------------------------------------------------------------------------+
| MIG devices:                                                                            |
+------------------+----------------------------------+-----------+-----------------------+
| GPU  GI  CI  MIG |                     Memory-Usage |        Vol|        Shared         |
|      ID  ID  Dev |                       BAR1-Usage | SM     Unc| CE ENC  DEC  OFA  JPG |
|                  |                                  |        ECC|                       |
|==================+==================================+===========+=======================|
|  0    5   0   0  |              25MiB / 19968MiB    | 28      0 |  2   0    1    0    0 |
|                  |                 0MiB / 32767MiB  |           |                       |
+------------------+----------------------------------+-----------+-----------------------+
                                                                                         
+-----------------------------------------------------------------------------------------+
| Processes:                                                                              |
|  GPU   GI   CI        PID   Type   Process name                              GPU Memory |
|        ID   ID                                                               Usage      |
|=========================================================================================|
|  No running processes found                                                             |
+-----------------------------------------------------------------------------------------+



['<s>', 'A', 'C', 'D', 'E', 'F', 'G', 'H', 'I', 'K', 'L', 'M', 'N', 'P', 'Q', 'R', 'S', 'T', 'V', 'W', 'Y', '<eos>']
Vocabulary: {'F': 8, 'H': 10, 'K': 12, 'M': 14, 'R': 18, 'T': 20, 'Y': 23, 'D': 6, 'W': 22, 'E': 7, 'N': 15, 'L': 13, 'Q': 17, 'S': 19, 'G': 9, '<pad>': 0, 'P': 16, 'A': 4, 'V': 21, '<mask>': 1, '<eos>': 2, '<s>': 3, 'C': 5, 'I': 11}
Vocabulary size: 24
Train dataset size: 669
Validation dataset size: 84
Test dataset size: 84
Epoch [1/100], Loss: 3.5212
Validation Loss: 3.5707
Epoch [2/100], Loss: 2.9886
Validation Loss: 4.0181
Epoch [3/100], Loss: 2.9776
Validation Loss: 3.5708
Epoch [4/100], Loss: 2.9707
Validation Loss: 3.5308
Epoch [5/100], Loss: 2.9680
Validation Loss: 3.4319
Epoch [6/100], Loss: 2.9654
Validation Loss: 3.2651
Epoch [7/100], Loss: 2.9595
Validation Loss: 3.3576
Epoch [8/100], Loss: 2.9632
Validation Loss: 3.2702
Epoch [9/100], Loss: 2.9534
Validation Loss: 3.1979
Epoch [10/100], Loss: 2.9532
Validation Loss: 3.1253
Epoch [11/100], Loss: 2.9512
Validation Loss: 3.1839
Epoch [12/100], Loss: 2.9510
Validation Loss: 3.1399
Epoch [13/100], Loss: 2.9493
Validation Loss: 3.2159
Epoch [14/100], Loss: 2.9487
Validation Loss: 3.1413
Epoch [15/100], Loss: 2.9487
Validation Loss: 3.1439
Epoch [16/100], Loss: 2.9499
Validation Loss: 3.1672
Epoch [17/100], Loss: 2.9539
Validation Loss: 3.1752
Epoch [18/100], Loss: 2.9538
Validation Loss: 3.0524
Epoch [19/100], Loss: 2.9520
Validation Loss: 2.9782
Epoch [20/100], Loss: 2.9498
Validation Loss: 2.9635
Epoch [21/100], Loss: 2.9480
Validation Loss: 2.9582
Epoch [22/100], Loss: 2.9489
Validation Loss: 2.9998
Epoch [23/100], Loss: 2.9471
Validation Loss: 2.9952
Epoch [24/100], Loss: 2.9496
Validation Loss: 2.9584
Epoch [25/100], Loss: 2.9530
Validation Loss: 3.0190
Epoch [26/100], Loss: 2.9522
Validation Loss: 2.9697
Epoch [27/100], Loss: 2.9465
Validation Loss: 3.0293
Epoch [28/100], Loss: 2.9470
Validation Loss: 3.0078
Epoch [29/100], Loss: 2.9483
Validation Loss: 2.9838
Epoch [30/100], Loss: 2.9508
Validation Loss: 3.0959
Epoch [31/100], Loss: 2.9465
Validation Loss: 2.9766
Epoch [32/100], Loss: 2.9485
Validation Loss: 3.0453
Epoch [33/100], Loss: 2.9501
Validation Loss: 3.0346
Epoch [34/100], Loss: 2.9475
Validation Loss: 3.0359
Epoch [35/100], Loss: 2.9492
Validation Loss: 3.0246
Epoch [36/100], Loss: 2.9459
Validation Loss: 2.9930
Epoch [37/100], Loss: 2.9495
Validation Loss: 2.9830
Epoch [38/100], Loss: 2.9460
Validation Loss: 2.9901
Epoch [39/100], Loss: 2.9489
Validation Loss: 3.0297
Epoch [40/100], Loss: 2.9487
Validation Loss: 3.0067

------------------------------------------------------------
Sender: LSF System <lsfadmin@hpc.dtu.dk>
Subject: Job 23780653: <transf_vae> in cluster <dcc> Exited

Job <transf_vae> was submitted from host <hpclogin1> by user <s233201> in cluster <dcc> at Fri Jan 17 10:16:31 2025
Job was executed on host(s) <4*n-62-18-12>, in queue <c27666>, as user <s233201> in cluster <dcc> at Fri Jan 17 10:16:31 2025
</zhome/85/8/203063> was used as the home directory.
</zhome/85/8/203063/pai_course> was used as the working directory.
Started at Fri Jan 17 10:16:31 2025
Terminated at Fri Jan 17 10:44:19 2025
Results reported at Fri Jan 17 10:44:19 2025

Your job looked like:

------------------------------------------------------------
# LSBATCH: User input
#!/bin/sh
### General options
### –- specify queue --
#BSUB -q c27666 
### -- set the job Name --
#BSUB -J transf_vae
### -- ask for number of cores (default: 1) --
#BSUB -n 4
### -- Select the resources: 1 gpu in exclusive process mode --
#BSUB -gpu "num=1:mode=exclusive_process"
### -- set walltime limit: hh:mm --  maximum 24 hours for GPU-queues right now
#BSUB -W 8:00
# request 5GB of system-memory
#BSUB -R "rusage[mem=16GB]"
### -- set the email address --
# please uncomment the following line and put in your e-mail address,
# if you want to receive e-mail notifications on a non-default address
##BSUB -u your_email_address
### -- send notification at start --
##BSUB -B
### -- send notification at completion--
##BSUB -N
### -- Specify the output and error file. %J is the job-id --
### -- -o and -e mean append, -oo and -eo mean overwrite --
#BSUB -o project/out/gpu_%J.out
#BSUB -e project/out/gpu_%J.err
# -- end of LSF options --

nvidia-smi
# Load the cuda module
module load cuda/11.6

source pai/bin/activate

python -u project/transf_vae_v3.py 




------------------------------------------------------------

TERM_OWNER: job killed by owner.
Exited with exit code 1.

Resource usage summary:

    CPU time :                                   1661.76 sec.
    Max Memory :                                 1106 MB
    Average Memory :                             1070.43 MB
    Total Requested Memory :                     65536.00 MB
    Delta Memory :                               64430.00 MB
    Max Swap :                                   -
    Max Processes :                              4
    Max Threads :                                13
    Run time :                                   1674 sec.
    Turnaround time :                            1668 sec.

The output (if any) is above this job summary.



PS:

Read file <project/out/gpu_23780653.err> for stderr output of this job.

